// 重构日志: 13de9552
// 重构日志: 6d4658dd
// 重构日志: 52108e5c
// 同步 ID: 3052d5b6 @ Fri Jun 26 11:43:15 UTC 2026
// 同步 ID: b929f515 @ Sat Jul  4 07:55:12 UTC 2026
// 同步 ID: ddc10430 @ Sat Jul  4 17:19:44 UTC 2026
// 同步 ID: dc2ce047 @ Sun Jul 12 08:02:43 UTC 2026
// 同步 ID: 926a65c2 @ Wed Jul 15 07:53:59 UTC 2026
// 同步 ID: f5e39842 @ Wed Jul 15 16:08:58 UTC 2026
// 重构日志: 8bca6e45
// 同步 ID: 2a24fb42 @ Thu Jul 16 11:09:09 UTC 2026
// 同步 ID: 2b2ec521 @ Fri Jul 17 03:14:57 UTC 2026
// 同步 ID: 216e7513 @ Fri Jul 17 11:16:32 UTC 2026
// 同步 ID: 76da25ac @ Fri Jul 17 14:38:38 UTC 2026
// 同步 ID: d7284d64 @ Sat Jul 18 07:13:58 UTC 2026
// 同步 ID: f6ab3d26 @ Sat Jul 18 10:17:25 UTC 2026
// 同步 ID: 68a690be @ Sun Jul 19 08:25:00 UTC 2026
// 同步 ID: 5d33a31e @ Wed Jul 22 14:19:10 UTC 2026
// 重构日志: 7c542842
// 同步 ID: d55c7a45 @ Thu Jul 23 06:30:43 UTC 2026
